::1 - - [08/Nov/2022:16:49:09 +0900] "GET / HTTP/1.1" 200 46
::1 - - [08/Nov/2022:16:49:09 +0900] "GET /favicon.ico HTTP/1.1" 404 196
::1 - - [08/Nov/2022:17:56:36 +0900] "GET /phpinfo.php HTTP/1.1" 200 71816
::1 - - [08/Nov/2022:18:04:52 +0900] "GET /mydir/hello.html HTTP/1.1" 404 196
::1 - - [08/Nov/2022:18:05:52 +0900] "-" 408 -
::1 - - [08/Nov/2022:18:06:18 +0900] "GET /mydir/hello.html HTTP/1.1" 200 66
::1 - - [08/Nov/2022:18:07:18 +0900] "-" 408 -
::1 - - [08/Nov/2022:18:17:10 +0900] "GET /mydir/hello.html HTTP/1.1" 200 66
::1 - - [08/Nov/2022:18:18:10 +0900] "-" 408 -
::1 - - [08/Nov/2022:18:30:13 +0900] "GET /index.html HTTP/1.1" 404 196
::1 - - [08/Nov/2022:18:30:58 +0900] "GET /mydir/hello.html HTTP/1.1" 200 66
::1 - - [08/Nov/2022:18:31:58 +0900] "-" 408 -
::1 - - [08/Nov/2022:18:33:13 +0900] "GET /mydir/hello.html HTTP/1.1" 200 66
::1 - - [08/Nov/2022:18:34:13 +0900] "-" 408 -
::1 - - [08/Nov/2022:18:35:55 +0900] "-" 408 -
::1 - - [08/Nov/2022:18:35:55 +0900] "-" 408 -
::1 - - [08/Nov/2022:18:37:46 +0900] "GET /mydir/hello.html HTTP/1.1" 200 66
::1 - - [08/Nov/2022:18:38:47 +0900] "-" 408 -
::1 - - [08/Nov/2022:19:01:21 +0900] "GET /mydir/hello.html HTTP/1.1" 200 66
::1 - - [08/Nov/2022:19:01:21 +0900] "GET /favicon.ico HTTP/1.1" 404 196
::1 - - [08/Nov/2022:19:01:45 +0900] "GET /mydir/jquery_sample1.html HTTP/1.1" 200 323
::1 - - [08/Nov/2022:19:02:45 +0900] "-" 408 -
::1 - - [08/Nov/2022:19:05:05 +0900] "GET /jquery_sample1.html HTTP/1.1" 404 196
::1 - - [08/Nov/2022:19:05:29 +0900] "GET /mydir/jquery_sample1.html HTTP/1.1" 200 316
::1 - - [08/Nov/2022:19:05:29 +0900] "GET /mydir/js/jquery-3.3.1.min.js HTTP/1.1" 404 196
::1 - - [08/Nov/2022:19:06:29 +0900] "-" 408 -
::1 - - [08/Nov/2022:19:07:37 +0900] "GET /mydir/jquery_sample1.html HTTP/1.1" 200 316
::1 - - [08/Nov/2022:19:07:37 +0900] "GET /mydir/js/jquery-3.3.1.min.js HTTP/1.1" 404 196
::1 - - [08/Nov/2022:19:08:04 +0900] "GET /mydir/jquery_sample1.html HTTP/1.1" 200 314
::1 - - [08/Nov/2022:19:08:04 +0900] "GET /jquery-3.3.1.min.js HTTP/1.1" 404 196
::1 - - [08/Nov/2022:19:09:04 +0900] "-" 408 -
::1 - - [08/Nov/2022:19:12:29 +0900] "GET /mydir/jquery_sample1.html HTTP/1.1" 200 315
::1 - - [08/Nov/2022:19:12:29 +0900] "GET /mydir/jquery-3.6.1.min.js HTTP/1.1" 200 89664
::1 - - [08/Nov/2022:19:13:29 +0900] "-" 408 -
::1 - - [08/Nov/2022:19:13:30 +0900] "GET /mydir/jquery_sample1.html HTTP/1.1" 200 312
::1 - - [08/Nov/2022:19:14:30 +0900] "-" 408 -
::1 - - [08/Nov/2022:19:15:36 +0900] "GET /mydir/jquery_sample1.html HTTP/1.1" 200 203
::1 - - [08/Nov/2022:19:15:36 +0900] "GET /mydir/jquery-3.6.1.min.js HTTP/1.1" 304 -
::1 - - [09/Nov/2022:15:33:04 +0900] "GET /mydir/form.php HTTP/1.1" 200 2802
::1 - - [09/Nov/2022:15:33:05 +0900] "GET /favicon.ico HTTP/1.1" 404 196
::1 - - [09/Nov/2022:15:34:04 +0900] "-" 408 -
::1 - - [09/Nov/2022:15:36:19 +0900] "POST /mydir/confirm.php HTTP/1.1" 200 196
::1 - - [09/Nov/2022:15:37:03 +0900] "GET /mydir/send.php HTTP/1.1" 302 13
::1 - - [09/Nov/2022:15:37:03 +0900] "GET /mydir/index.php HTTP/1.1" 404 196
::1 - - [09/Nov/2022:15:37:13 +0900] "GET /mydir/send.php HTTP/1.1" 302 13
::1 - - [09/Nov/2022:15:37:13 +0900] "GET /mydir/index.php HTTP/1.1" 404 196
::1 - - [09/Nov/2022:15:37:26 +0900] "GET /mydir/confirm.php HTTP/1.1" 200 196
::1 - - [14/Nov/2022:13:25:43 +0900] "GET /mydir/jquery_sample1.html HTTP/1.1" 200 203
::1 - - [14/Nov/2022:13:25:43 +0900] "GET /mydir/jquery-3.6.1.min.js HTTP/1.1" 304 -
::1 - - [14/Nov/2022:13:25:46 +0900] "GET /favicon.ico HTTP/1.1" 404 196
::1 - - [14/Nov/2022:13:26:43 +0900] "-" 408 -
::1 - - [26/Jan/2023:14:49:31 +0900] "GET / HTTP/1.1" 200 199
::1 - - [26/Jan/2023:14:49:46 +0900] "GET /mydir/ HTTP/1.1" 200 520
::1 - - [26/Jan/2023:14:49:50 +0900] "GET /mydir/send.php HTTP/1.1" 200 273
::1 - - [26/Jan/2023:14:50:04 +0900] "GET /mydir/form.php HTTP/1.1" 200 2804
::1 - - [26/Jan/2023:14:50:09 +0900] "GET /mydir/form.php HTTP/1.1" 200 2804
::1 - - [26/Jan/2023:14:50:54 +0900] "GET /mydir/hello.html HTTP/1.1" 200 66
::1 - - [26/Jan/2023:14:50:57 +0900] "GET /mydir/jquery-3.6.1.min.js HTTP/1.1" 200 89664
::1 - - [26/Jan/2023:14:51:00 +0900] "GET /mydir/jquery_sample1.html HTTP/1.1" 200 203
::1 - - [26/Jan/2023:14:51:05 +0900] "GET /mydir/send.php HTTP/1.1" 200 273
::1 - - [26/Jan/2023:14:51:10 +0900] "GET /mydir/form.php HTTP/1.1" 200 2804
::1 - - [26/Jan/2023:14:51:52 +0900] "-" 408 -
::1 - - [26/Jan/2023:15:16:11 +0900] "GET / HTTP/1.1" 200 199
::1 - - [26/Jan/2023:15:16:11 +0900] "GET /favicon.ico HTTP/1.1" 404 196
::1 - - [26/Jan/2023:15:16:14 +0900] "GET /mydir/ HTTP/1.1" 200 520
::1 - - [26/Jan/2023:15:27:00 +0900] "GET /mydir/form.php HTTP/1.1" 200 2804
127.0.0.1 - - [26/Jan/2023:15:28:00 +0900] "-" 408 -
127.0.0.1 - - [26/Jan/2023:15:28:00 +0900] "-" 408 -
::1 - - [26/Jan/2023:15:28:24 +0900] "POST /mydir/confirm.php HTTP/1.1" 200 3840
::1 - - [26/Jan/2023:15:29:24 +0900] "-" 408 -
::1 - - [26/Jan/2023:15:43:50 +0900] "GET /mydir/form.php HTTP/1.1" 404 196
::1 - - [26/Jan/2023:15:44:50 +0900] "-" 408 -
::1 - - [26/Jan/2023:15:47:48 +0900] "GET / HTTP/1.1" 200 357
::1 - - [26/Jan/2023:15:47:51 +0900] "GET /form.php HTTP/1.1" 200 2804
::1 - - [26/Jan/2023:15:48:35 +0900] "-" 408 -
::1 - - [26/Jan/2023:15:48:53 +0900] "GET /form.php HTTP/1.1" 200 2782
::1 - - [26/Jan/2023:15:49:08 +0900] "GET /form.php HTTP/1.1" 200 2785
::1 - - [26/Jan/2023:15:49:11 +0900] "GET /form.php HTTP/1.1" 200 2785
::1 - - [26/Jan/2023:15:49:46 +0900] "GET /form.php HTTP/1.1" 200 2788
::1 - - [26/Jan/2023:15:50:36 +0900] "GET /form.php HTTP/1.1" 200 2788
::1 - - [26/Jan/2023:15:50:50 +0900] "GET /form.php HTTP/1.1" 200 2788
::1 - - [28/Jan/2023:14:15:59 +0900] "GET / HTTP/1.1" 200 357
::1 - - [28/Jan/2023:14:15:59 +0900] "GET /favicon.ico HTTP/1.1" 404 196
::1 - - [28/Jan/2023:14:16:02 +0900] "GET /form.php HTTP/1.1" 200 2788
::1 - - [28/Jan/2023:14:16:59 +0900] "-" 408 -
::1 - - [28/Jan/2023:14:18:16 +0900] "GET /jquery-3.6.1.min.js HTTP/1.1" 200 89664
::1 - - [28/Jan/2023:14:18:18 +0900] "GET /form.php HTTP/1.1" 200 2788
::1 - - [28/Jan/2023:14:18:21 +0900] "GET /confirm.php HTTP/1.1" 200 223
::1 - - [28/Jan/2023:14:18:25 +0900] "GET /form.php HTTP/1.1" 200 2788
::1 - - [28/Jan/2023:14:19:16 +0900] "-" 408 -
::1 - - [28/Jan/2023:14:28:32 +0900] "GET /form.php HTTP/1.1" 200 2943
::1 - - [28/Jan/2023:14:29:32 +0900] "-" 408 -
::1 - - [28/Jan/2023:14:30:19 +0900] "POST /confirm.php HTTP/1.1" 200 581
::1 - - [28/Jan/2023:14:30:29 +0900] "GET /form.php HTTP/1.1" 200 2943
::1 - - [28/Jan/2023:14:31:12 +0900] "GET /confirm.php HTTP/1.1" 200 223
::1 - - [28/Jan/2023:14:32:12 +0900] "-" 408 -
::1 - - [28/Jan/2023:14:34:31 +0900] "GET /confirm.php HTTP/1.1" 200 1543
::1 - - [28/Jan/2023:14:35:31 +0900] "-" 408 -
::1 - - [28/Jan/2023:14:36:36 +0900] "GET /form.php HTTP/1.1" 200 2943
::1 - - [28/Jan/2023:14:37:35 +0900] "-" 408 -
::1 - - [28/Jan/2023:14:47:43 +0900] "GET /form.php HTTP/1.1" 200 2943
::1 - - [28/Jan/2023:14:47:45 +0900] "GET /send.php HTTP/1.1" 200 140
::1 - - [28/Jan/2023:14:47:51 +0900] "GET /form.php HTTP/1.1" 200 2943
::1 - - [28/Jan/2023:14:47:54 +0900] "GET /confirm.php HTTP/1.1" 302 -
::1 - - [28/Jan/2023:14:47:54 +0900] "GET /index.php HTTP/1.1" 404 196
::1 - - [28/Jan/2023:14:48:21 +0900] "GET /send.php HTTP/1.1" 200 223
::1 - - [28/Jan/2023:14:48:25 +0900] "GET /confirm.php HTTP/1.1" 302 -
::1 - - [28/Jan/2023:14:48:25 +0900] "GET /index.php HTTP/1.1" 404 196
::1 - - [28/Jan/2023:14:48:27 +0900] "GET /form.php HTTP/1.1" 200 2943
::1 - - [28/Jan/2023:14:48:32 +0900] "GET /form.php HTTP/1.1" 200 2943
::1 - - [28/Jan/2023:14:48:43 +0900] "POST /confirm.php HTTP/1.1" 200 568
::1 - - [28/Jan/2023:14:49:23 +0900] "GET /confirm.php HTTP/1.1" 302 -
::1 - - [28/Jan/2023:14:49:23 +0900] "GET /index.php HTTP/1.1" 404 196
::1 - - [28/Jan/2023:14:49:26 +0900] "GET /form.php HTTP/1.1" 200 2943
::1 - - [28/Jan/2023:14:49:40 +0900] "POST /confirm.php HTTP/1.1" 200 568
::1 - - [28/Jan/2023:14:50:16 +0900] "POST /confirm.php HTTP/1.1" 200 568
::1 - - [28/Jan/2023:14:50:41 +0900] "POST /confirm.php HTTP/1.1" 200 2778
::1 - - [28/Jan/2023:14:51:33 +0900] "POST /complete.php HTTP/1.1" 404 196
::1 - - [28/Jan/2023:14:51:38 +0900] "GET /send.php HTTP/1.1" 200 223
::1 - - [28/Jan/2023:14:52:01 +0900] "GET /send.php HTTP/1.1" 200 232
::1 - - [28/Jan/2023:14:52:18 +0900] "GET /send.php HTTP/1.1" 200 1414
::1 - - [28/Jan/2023:14:53:18 +0900] "-" 408 -
::1 - - [28/Jan/2023:14:53:21 +0900] "GET /send.php HTTP/1.1" 302 -
::1 - - [28/Jan/2023:14:53:21 +0900] "GET /index.php HTTP/1.1" 404 196
::1 - - [28/Jan/2023:14:53:26 +0900] "GET /form.php HTTP/1.1" 200 2943
::1 - - [28/Jan/2023:14:54:21 +0900] "-" 408 -
::1 - - [28/Jan/2023:14:54:40 +0900] "POST /confirm.php HTTP/1.1" 200 2760
::1 - - [28/Jan/2023:14:54:44 +0900] "POST /complete.php HTTP/1.1" 404 196
::1 - - [28/Jan/2023:14:55:40 +0900] "-" 408 -
::1 - - [28/Jan/2023:14:56:19 +0900] "POST /complete.php HTTP/1.1" 404 196
::1 - - [28/Jan/2023:14:57:18 +0900] "-" 408 -
::1 - - [28/Jan/2023:18:12:51 +0900] "GET / HTTP/1.1" 200 357
::1 - - [28/Jan/2023:18:12:53 +0900] "GET /form.php HTTP/1.1" 200 2943
::1 - - [28/Jan/2023:18:13:51 +0900] "-" 408 -
::1 - - [28/Jan/2023:18:14:00 +0900] "POST /confirm.php HTTP/1.1" 200 2778
::1 - - [28/Jan/2023:18:14:05 +0900] "POST /complete.php HTTP/1.1" 404 196
::1 - - [28/Jan/2023:18:14:56 +0900] "GET / HTTP/1.1" 200 357
::1 - - [28/Jan/2023:18:15:39 +0900] "GET / HTTP/1.1" 200 357
::1 - - [28/Jan/2023:18:16:38 +0900] "-" 408 -
::1 - - [30/Jan/2023:12:02:44 +0900] "GET / HTTP/1.1" 200 329
::1 - - [30/Jan/2023:12:02:45 +0900] "GET /favicon.ico HTTP/1.1" 404 196
::1 - - [30/Jan/2023:12:02:48 +0900] "GET /.git/ HTTP/1.1" 200 610
::1 - - [30/Jan/2023:12:02:54 +0900] "GET /form.php HTTP/1.1" 200 2931
::1 - - [30/Jan/2023:12:03:54 +0900] "-" 408 -
::1 - - [30/Jan/2023:12:24:38 +0900] "GET /form.php HTTP/1.1" 200 2929
::1 - - [30/Jan/2023:12:25:00 +0900] "POST /confirm.php HTTP/1.1" 200 2802
::1 - - [30/Jan/2023:12:26:00 +0900] "-" 408 -
::1 - - [30/Jan/2023:12:27:46 +0900] "POST /confirm.php HTTP/1.1" 200 2382
::1 - - [30/Jan/2023:12:27:57 +0900] "POST /complete.php HTTP/1.1" 404 196
::1 - - [30/Jan/2023:12:28:57 +0900] "-" 408 -
::1 - - [30/Jan/2023:12:30:24 +0900] "POST /confirm.php HTTP/1.1" 200 2382
::1 - - [30/Jan/2023:12:31:24 +0900] "-" 408 -
::1 - - [30/Jan/2023:12:32:29 +0900] "POST /confirm.php HTTP/1.1" 200 2382
::1 - - [30/Jan/2023:12:33:29 +0900] "-" 408 -
::1 - - [30/Jan/2023:12:34:28 +0900] "POST /confirm.php HTTP/1.1" 200 2382
::1 - - [30/Jan/2023:12:34:54 +0900] "-" 408 -
::1 - - [30/Jan/2023:12:47:43 +0900] "POST /confirm.php HTTP/1.1" 200 2354
::1 - - [30/Jan/2023:12:48:43 +0900] "-" 408 -
::1 - - [30/Jan/2023:12:49:04 +0900] "POST /confirm.php HTTP/1.1" 200 2354
::1 - - [30/Jan/2023:12:50:04 +0900] "-" 408 -
::1 - - [30/Jan/2023:12:51:02 +0900] "POST /confirm.php HTTP/1.1" 200 2353
::1 - - [30/Jan/2023:12:52:02 +0900] "-" 408 -
::1 - - [30/Jan/2023:13:27:11 +0900] "GET / HTTP/1.1" 200 383
::1 - - [30/Jan/2023:13:27:12 +0900] "GET /favicon.ico HTTP/1.1" 404 196
::1 - - [30/Jan/2023:13:27:51 +0900] "GET / HTTP/1.1" 200 383
::1 - - [30/Jan/2023:13:28:52 +0900] "-" 408 -
::1 - - [30/Jan/2023:13:28:58 +0900] "GET / HTTP/1.1" 200 383
::1 - - [30/Jan/2023:13:29:58 +0900] "-" 408 -
::1 - - [30/Jan/2023:13:30:04 +0900] "GET / HTTP/1.1" 200 383
::1 - - [30/Jan/2023:13:30:19 +0900] "GET / HTTP/1.1" 200 383
::1 - - [30/Jan/2023:13:30:37 +0900] "GET /confirm.php HTTP/1.1" 302 -
::1 - - [30/Jan/2023:13:30:37 +0900] "GET /index.php HTTP/1.1" 404 196
::1 - - [30/Jan/2023:13:30:40 +0900] "GET /.git/ HTTP/1.1" 200 610
::1 - - [30/Jan/2023:13:30:44 +0900] "GET /send.php HTTP/1.1" 302 -
::1 - - [30/Jan/2023:13:30:44 +0900] "GET /index.php HTTP/1.1" 404 196
::1 - - [30/Jan/2023:13:30:47 +0900] "GET /form.php HTTP/1.1" 200 3208
::1 - - [30/Jan/2023:13:31:37 +0900] "-" 408 -
::1 - - [30/Jan/2023:14:10:10 +0900] "GET / HTTP/1.1" 200 383
::1 - - [30/Jan/2023:14:10:11 +0900] "GET /favicon.ico HTTP/1.1" 404 196
::1 - - [30/Jan/2023:14:10:15 +0900] "GET /form.php HTTP/1.1" 200 3855
::1 - - [30/Jan/2023:14:11:10 +0900] "-" 408 -
::1 - - [30/Jan/2023:14:11:35 +0900] "GET /form.php HTTP/1.1" 200 3864
::1 - - [30/Jan/2023:14:12:00 +0900] "POST /confirm.php HTTP/1.1" 200 631
::1 - - [30/Jan/2023:14:12:56 +0900] "POST /confirm.php HTTP/1.1" 200 631
::1 - - [30/Jan/2023:14:13:01 +0900] "GET /form.php HTTP/1.1" 200 3864
::1 - - [30/Jan/2023:14:13:40 +0900] "GET /form.php HTTP/1.1" 200 3864
::1 - - [30/Jan/2023:14:14:40 +0900] "-" 408 -
::1 - - [30/Jan/2023:14:41:01 +0900] "POST /confirm.php HTTP/1.1" 200 766
::1 - - [30/Jan/2023:14:42:01 +0900] "-" 408 -
::1 - - [30/Jan/2023:15:00:41 +0900] "POST /confirm.php HTTP/1.1" 200 766
::1 - - [30/Jan/2023:15:00:50 +0900] "POST /confirm.php HTTP/1.1" 200 631
::1 - - [30/Jan/2023:15:00:58 +0900] "POST /confirm.php HTTP/1.1" 200 631
::1 - - [30/Jan/2023:15:01:51 +0900] "POST /confirm.php HTTP/1.1" 200 631
::1 - - [30/Jan/2023:15:02:40 +0900] "-" 408 -
::1 - - [30/Jan/2023:15:02:41 +0900] "POST /confirm.php HTTP/1.1" 200 631
::1 - - [30/Jan/2023:15:02:54 +0900] "POST /confirm.php HTTP/1.1" 200 631
::1 - - [30/Jan/2023:15:03:54 +0900] "POST /confirm.php HTTP/1.1" 200 497
::1 - - [30/Jan/2023:15:04:30 +0900] "POST /confirm.php HTTP/1.1" 200 499
::1 - - [30/Jan/2023:15:05:30 +0900] "-" 408 -
::1 - - [30/Jan/2023:15:06:34 +0900] "POST /confirm.php HTTP/1.1" 200 499
::1 - - [30/Jan/2023:15:07:24 +0900] "GET /form.php HTTP/1.1" 200 2945
::1 - - [30/Jan/2023:15:08:24 +0900] "-" 408 -
::1 - - [30/Jan/2023:15:08:45 +0900] "GET /form.php HTTP/1.1" 200 2945
::1 - - [30/Jan/2023:15:09:07 +0900] "POST /form.php HTTP/1.1" 200 2945
::1 - - [30/Jan/2023:15:10:05 +0900] "POST /form.php HTTP/1.1" 200 2921
::1 - - [30/Jan/2023:15:10:07 +0900] "GET /form.php HTTP/1.1" 200 2921
::1 - - [30/Jan/2023:15:10:17 +0900] "GET / HTTP/1.1" 200 383
::1 - - [30/Jan/2023:15:10:19 +0900] "GET /form.php HTTP/1.1" 200 2921
::1 - - [30/Jan/2023:15:10:32 +0900] "POST /form.php HTTP/1.1" 200 2921
::1 - - [30/Jan/2023:15:11:17 +0900] "POST /form.php HTTP/1.1" 200 2921
::1 - - [30/Jan/2023:15:11:21 +0900] "GET /form.php HTTP/1.1" 200 2921
::1 - - [30/Jan/2023:15:11:49 +0900] "GET /form.php HTTP/1.1" 200 2924
::1 - - [30/Jan/2023:15:12:00 +0900] "POST /confirm.php HTTP/1.1" 200 2262
::1 - - [30/Jan/2023:15:13:00 +0900] "-" 408 -
::1 - - [30/Jan/2023:15:13:09 +0900] "POST /confirm.php HTTP/1.1" 200 2262
::1 - - [30/Jan/2023:15:13:15 +0900] "GET /form.php HTTP/1.1" 200 2956
::1 - - [30/Jan/2023:15:13:26 +0900] "POST /confirm.php HTTP/1.1" 200 2310
::1 - - [30/Jan/2023:15:13:40 +0900] "POST /confirm.php HTTP/1.1" 200 424
::1 - - [30/Jan/2023:15:14:14 +0900] "POST /confirm.php HTTP/1.1" 200 2316
::1 - - [30/Jan/2023:15:14:26 +0900] "POST /confirm.php HTTP/1.1" 200 2294
::1 - - [30/Jan/2023:15:14:36 +0900] "POST /confirm.php HTTP/1.1" 200 2242
::1 - - [30/Jan/2023:15:14:47 +0900] "POST /confirm.php HTTP/1.1" 200 2238
::1 - - [30/Jan/2023:15:15:37 +0900] "POST /confirm.php HTTP/1.1" 200 1696
::1 - - [30/Jan/2023:15:16:20 +0900] "POST /confirm.php HTTP/1.1" 200 2238
::1 - - [30/Jan/2023:15:16:41 +0900] "POST /confirm.php HTTP/1.1" 200 631
::1 - - [30/Jan/2023:15:16:49 +0900] "POST /confirm.php HTTP/1.1" 200 2238
::1 - - [30/Jan/2023:15:17:47 +0900] "POST /confirm.php HTTP/1.1" 200 2238
::1 - - [30/Jan/2023:15:17:58 +0900] "GET /form.php HTTP/1.1" 200 2956
::1 - - [30/Jan/2023:15:18:31 +0900] "POST /confirm.php HTTP/1.1" 200 631
::1 - - [30/Jan/2023:15:19:31 +0900] "-" 408 -
::1 - - [30/Jan/2023:15:19:41 +0900] "GET /form.php HTTP/1.1" 200 2955
::1 - - [30/Jan/2023:15:20:41 +0900] "-" 408 -
::1 - - [30/Jan/2023:15:26:31 +0900] "GET /form.php HTTP/1.1" 200 3360
::1 - - [30/Jan/2023:15:27:05 +0900] "GET /form.php HTTP/1.1" 200 3381
::1 - - [30/Jan/2023:15:27:39 +0900] "POST /confirm.php HTTP/1.1" 200 631
::1 - - [30/Jan/2023:15:27:48 +0900] "POST /confirm.php HTTP/1.1" 200 409
::1 - - [30/Jan/2023:15:28:48 +0900] "-" 408 -
::1 - - [30/Jan/2023:15:46:51 +0900] "GET /form.php HTTP/1.1" 200 3324
::1 - - [30/Jan/2023:15:47:02 +0900] "POST /confirm.php HTTP/1.1" 200 631
::1 - - [30/Jan/2023:15:47:06 +0900] "POST /confirm.php HTTP/1.1" 200 424
::1 - - [30/Jan/2023:15:47:31 +0900] "GET /form.php HTTP/1.1" 200 3324
::1 - - [30/Jan/2023:15:47:41 +0900] "POST /confirm.php HTTP/1.1" 200 2262
::1 - - [30/Jan/2023:15:47:50 +0900] "POST /confirm.php HTTP/1.1" 200 2256
::1 - - [30/Jan/2023:15:48:50 +0900] "-" 408 -
::1 - - [30/Jan/2023:15:53:07 +0900] "GET /form.php HTTP/1.1" 200 3373
::1 - - [30/Jan/2023:15:53:07 +0900] "GET /js/jquery-3.6.1.min.js HTTP/1.1" 404 196
::1 - - [30/Jan/2023:15:54:07 +0900] "-" 408 -
::1 - - [30/Jan/2023:16:02:27 +0900] "GET /form.php HTTP/1.1" 200 3501
::1 - - [30/Jan/2023:16:02:27 +0900] "GET /js/jquery-3.6.1.min.js HTTP/1.1" 404 196
::1 - - [30/Jan/2023:16:02:27 +0900] "GET /form.js HTTP/1.1" 404 196
::1 - - [30/Jan/2023:16:12:55 +0900] "GET /form.php HTTP/1.1" 200 2844
::1 - - [30/Jan/2023:16:12:55 +0900] "GET /js/jquery-3.6.1.min.js HTTP/1.1" 404 196
::1 - - [30/Jan/2023:16:12:55 +0900] "GET /form.css HTTP/1.1" 200 618
::1 - - [30/Jan/2023:16:12:55 +0900] "GET /form.js HTTP/1.1" 200 -
::1 - - [30/Jan/2023:16:14:04 +0900] "GET /form.php HTTP/1.1" 404 196
::1 - - [30/Jan/2023:16:14:10 +0900] "GET / HTTP/1.1" 200 467
::1 - - [30/Jan/2023:16:14:14 +0900] "GET /form.js HTTP/1.1" 304 -
::1 - - [30/Jan/2023:16:14:16 +0900] "GET /form.css HTTP/1.1" 304 -
::1 - - [30/Jan/2023:16:14:19 +0900] "GET /form.html HTTP/1.1" 200 2844
::1 - - [30/Jan/2023:16:14:19 +0900] "GET /js/jquery-3.6.1.min.js HTTP/1.1" 404 196
::1 - - [30/Jan/2023:16:14:23 +0900] "GET /send.php HTTP/1.1" 302 -
::1 - - [30/Jan/2023:16:14:23 +0900] "GET /index.php HTTP/1.1" 404 196
::1 - - [30/Jan/2023:16:14:26 +0900] "GET /confirm.php HTTP/1.1" 200 1706
::1 - - [30/Jan/2023:16:14:32 +0900] "GET /form%20copy.php HTTP/1.1" 200 2853
::1 - - [30/Jan/2023:16:14:52 +0900] "GET /form.html HTTP/1.1" 200 2844
::1 - - [30/Jan/2023:16:14:52 +0900] "GET /js/jquery-3.6.1.min.js HTTP/1.1" 404 196
::1 - - [30/Jan/2023:16:14:52 +0900] "GET /form.css HTTP/1.1" 304 -
::1 - - [30/Jan/2023:16:14:52 +0900] "GET /form.js HTTP/1.1" 304 -
::1 - - [30/Jan/2023:16:14:54 +0900] "GET /confirm.php HTTP/1.1" 200 1706
::1 - - [30/Jan/2023:16:18:00 +0900] "GET /form.html HTTP/1.1" 200 2810
::1 - - [30/Jan/2023:16:18:00 +0900] "GET /js/jquery-3.6.1.min.js HTTP/1.1" 404 196
::1 - - [30/Jan/2023:16:18:00 +0900] "GET /form.css HTTP/1.1" 200 618
::1 - - [30/Jan/2023:16:18:00 +0900] "GET /form.js HTTP/1.1" 304 -
::1 - - [30/Jan/2023:16:23:28 +0900] "GET /form.html HTTP/1.1" 200 2827
::1 - - [30/Jan/2023:16:23:28 +0900] "GET /js/jquery-3.6.1.min.js HTTP/1.1" 404 196
::1 - - [30/Jan/2023:16:23:28 +0900] "GET /form.css HTTP/1.1" 200 618
::1 - - [30/Jan/2023:16:23:28 +0900] "GET /form.js HTTP/1.1" 304 -
::1 - - [30/Jan/2023:16:29:16 +0900] "GET / HTTP/1.1" 200 689
::1 - - [30/Jan/2023:16:29:20 +0900] "GET /sampleform.php HTTP/1.1" 200 1647
::1 - - [30/Jan/2023:16:29:20 +0900] "GET /css/style.css HTTP/1.1" 404 196
::1 - - [30/Jan/2023:16:29:20 +0900] "GET /main.js HTTP/1.1" 200 281
::1 - - [30/Jan/2023:16:30:35 +0900] "-" 408 -
::1 - - [30/Jan/2023:16:30:35 +0900] "-" 408 -
::1 - - [30/Jan/2023:16:36:09 +0900] "GET /sampleform.php HTTP/1.1" 200 1647
::1 - - [30/Jan/2023:16:36:09 +0900] "GET /css/style.css HTTP/1.1" 404 196
::1 - - [30/Jan/2023:16:36:09 +0900] "GET /main.js HTTP/1.1" 304 -
::1 - - [30/Jan/2023:16:36:17 +0900] "GET / HTTP/1.1" 200 593
::1 - - [30/Jan/2023:16:36:19 +0900] "GET /form.php HTTP/1.1" 200 3111
::1 - - [30/Jan/2023:16:36:19 +0900] "GET /js/jquery-3.6.1.min.js HTTP/1.1" 404 196
::1 - - [30/Jan/2023:16:36:19 +0900] "GET /form.css HTTP/1.1" 304 -
::1 - - [30/Jan/2023:16:36:19 +0900] "GET /form.js HTTP/1.1" 404 196
::1 - - [30/Jan/2023:16:37:19 +0900] "-" 408 -
::1 - - [30/Jan/2023:16:40:30 +0900] "GET / HTTP/1.1" 200 593
::1 - - [30/Jan/2023:16:40:30 +0900] "GET /favicon.ico HTTP/1.1" 404 196
::1 - - [30/Jan/2023:16:40:35 +0900] "GET /form.php HTTP/1.1" 200 3111
::1 - - [30/Jan/2023:16:40:35 +0900] "GET /js/jquery-3.6.1.min.js HTTP/1.1" 404 196
::1 - - [30/Jan/2023:16:40:35 +0900] "GET /form.css HTTP/1.1" 200 618
::1 - - [30/Jan/2023:16:40:35 +0900] "GET /form.js HTTP/1.1" 404 196
::1 - - [30/Jan/2023:16:41:38 +0900] "POST /confirm.php HTTP/1.1" 200 631
::1 - - [30/Jan/2023:16:41:40 +0900] "GET /form.php HTTP/1.1" 200 3111
::1 - - [30/Jan/2023:16:41:45 +0900] "POST /confirm.php HTTP/1.1" 200 409
::1 - - [30/Jan/2023:16:41:47 +0900] "GET /form.php HTTP/1.1" 200 3111
::1 - - [30/Jan/2023:17:02:31 +0900] "GET /form.html HTTP/1.1" 404 196
::1 - - [30/Jan/2023:17:02:39 +0900] "GET /confirm.php HTTP/1.1" 200 1706
::1 - - [30/Jan/2023:17:02:52 +0900] "GET /form.php HTTP/1.1" 200 3111
::1 - - [30/Jan/2023:17:02:52 +0900] "GET /js/jquery-3.6.1.min.js HTTP/1.1" 404 196
::1 - - [30/Jan/2023:17:02:52 +0900] "GET /form.css HTTP/1.1" 304 -
::1 - - [30/Jan/2023:17:02:52 +0900] "GET /main.js HTTP/1.1" 200 1836
::1 - - [30/Jan/2023:17:02:59 +0900] "GET /form.php HTTP/1.1" 200 3111
::1 - - [30/Jan/2023:17:02:59 +0900] "GET /js/jquery-3.6.1.min.js HTTP/1.1" 404 196
::1 - - [30/Jan/2023:17:02:59 +0900] "GET /main.js HTTP/1.1" 304 -
::1 - - [30/Jan/2023:17:03:17 +0900] "POST /confirm.php HTTP/1.1" 200 631
::1 - - [30/Jan/2023:17:03:21 +0900] "GET /form.php HTTP/1.1" 200 3111
::1 - - [30/Jan/2023:17:03:46 +0900] "GET /form.php HTTP/1.1" 200 3108
::1 - - [30/Jan/2023:17:03:46 +0900] "GET /js/jquery-3.6.1.min.js HTTP/1.1" 404 196
::1 - - [30/Jan/2023:17:03:46 +0900] "GET /main.js HTTP/1.1" 304 -
::1 - - [30/Jan/2023:17:03:56 +0900] "POST /form.php HTTP/1.1" 200 3108
::1 - - [30/Jan/2023:17:03:56 +0900] "GET /js/jquery-3.6.1.min.js HTTP/1.1" 404 196
::1 - - [30/Jan/2023:17:03:56 +0900] "GET /main.js HTTP/1.1" 304 -
::1 - - [30/Jan/2023:19:20:46 +0900] "GET / HTTP/1.1" 200 587
::1 - - [30/Jan/2023:19:20:47 +0900] "GET /favicon.ico HTTP/1.1" 404 196
::1 - - [30/Jan/2023:19:20:50 +0900] "GET /confirm.php HTTP/1.1" 200 1706
127.0.0.1 - - [30/Jan/2023:19:20:57 +0900] "GET /form.php HTTP/1.1" 200 3111
127.0.0.1 - - [30/Jan/2023:19:20:57 +0900] "GET /js/jquery-3.6.1.min.js HTTP/1.1" 404 196
127.0.0.1 - - [30/Jan/2023:19:20:57 +0900] "GET /form.css HTTP/1.1" 304 -
127.0.0.1 - - [30/Jan/2023:19:20:57 +0900] "GET /main.js HTTP/1.1" 304 -
::1 - - [30/Jan/2023:19:37:31 +0900] "GET /form.php HTTP/1.1" 200 3111
::1 - - [30/Jan/2023:19:37:31 +0900] "GET /js/jquery-3.6.1.min.js HTTP/1.1" 404 196
::1 - - [30/Jan/2023:19:37:31 +0900] "GET /main.js HTTP/1.1" 200 2018
::1 - - [30/Jan/2023:19:38:10 +0900] "POST /confirm.php HTTP/1.1" 200 409
::1 - - [30/Jan/2023:19:38:14 +0900] "GET /form.php HTTP/1.1" 200 3111
::1 - - [30/Jan/2023:19:38:17 +0900] "POST /confirm.php HTTP/1.1" 200 409
::1 - - [30/Jan/2023:19:38:18 +0900] "GET /form.php HTTP/1.1" 200 3111
::1 - - [30/Jan/2023:19:38:22 +0900] "POST /confirm.php HTTP/1.1" 200 397
::1 - - [30/Jan/2023:19:38:23 +0900] "GET /form.php HTTP/1.1" 200 3111
::1 - - [30/Jan/2023:19:38:28 +0900] "POST /confirm.php HTTP/1.1" 200 397
::1 - - [30/Jan/2023:19:38:30 +0900] "GET /form.php HTTP/1.1" 200 3111
::1 - - [30/Jan/2023:19:38:38 +0900] "POST /confirm.php HTTP/1.1" 200 397
::1 - - [30/Jan/2023:19:38:40 +0900] "GET /form.php HTTP/1.1" 200 3111
::1 - - [30/Jan/2023:19:38:44 +0900] "GET /form.php HTTP/1.1" 200 3111
::1 - - [30/Jan/2023:19:38:44 +0900] "GET /js/jquery-3.6.1.min.js HTTP/1.1" 404 196
::1 - - [30/Jan/2023:19:38:44 +0900] "GET /main.js HTTP/1.1" 304 -
::1 - - [30/Jan/2023:19:57:48 +0900] "GET /form.php HTTP/1.1" 200 3095
::1 - - [30/Jan/2023:19:57:48 +0900] "GET /js/jquery-3.6.1.min.js HTTP/1.1" 404 196
::1 - - [30/Jan/2023:19:57:48 +0900] "GET /form.css HTTP/1.1" 304 -
::1 - - [30/Jan/2023:19:57:48 +0900] "GET /main.js HTTP/1.1" 200 2037
::1 - - [30/Jan/2023:19:57:50 +0900] "GET / HTTP/1.1" 200 587
::1 - - [30/Jan/2023:19:57:53 +0900] "GET /form.php HTTP/1.1" 200 3095
::1 - - [30/Jan/2023:19:57:53 +0900] "GET /js/jquery-3.6.1.min.js HTTP/1.1" 404 196
::1 - - [30/Jan/2023:19:57:53 +0900] "GET /main.js HTTP/1.1" 304 -
::1 - - [30/Jan/2023:19:58:08 +0900] "POST /confirm.php HTTP/1.1" 200 631
::1 - - [30/Jan/2023:19:58:10 +0900] "GET /form.php HTTP/1.1" 200 3095
::1 - - [30/Jan/2023:19:58:17 +0900] "GET /form.php HTTP/1.1" 200 3095
::1 - - [30/Jan/2023:19:58:17 +0900] "GET /js/jquery-3.6.1.min.js HTTP/1.1" 404 196
::1 - - [30/Jan/2023:19:58:17 +0900] "GET /main.js HTTP/1.1" 304 -
127.0.0.1 - - [31/Jan/2023:08:07:35 +0900] "GET / HTTP/1.1" 200 587
127.0.0.1 - - [31/Jan/2023:08:07:40 +0900] "GET /form.php HTTP/1.1" 200 3095
127.0.0.1 - - [31/Jan/2023:08:07:40 +0900] "GET /js/jquery-3.6.1.min.js HTTP/1.1" 404 196
127.0.0.1 - - [31/Jan/2023:08:07:40 +0900] "GET /form.css HTTP/1.1" 304 -
127.0.0.1 - - [31/Jan/2023:08:07:40 +0900] "GET /main.js HTTP/1.1" 304 -
127.0.0.1 - - [31/Jan/2023:08:08:35 +0900] "-" 408 -
::1 - - [31/Jan/2023:08:26:16 +0900] "GET /form.php HTTP/1.1" 200 3166
::1 - - [31/Jan/2023:08:26:16 +0900] "GET /js/jquery-3.6.1.min.js HTTP/1.1" 404 196
::1 - - [31/Jan/2023:08:26:20 +0900] "GET / HTTP/1.1" 200 829
::1 - - [31/Jan/2023:08:26:22 +0900] "GET /myform.php HTTP/1.1" 200 2488
::1 - - [31/Jan/2023:08:26:22 +0900] "GET /js/jquery-3.6.1.min.js HTTP/1.1" 404 196
::1 - - [31/Jan/2023:08:26:22 +0900] "GET /myform.js HTTP/1.1" 200 2570
::1 - - [31/Jan/2023:08:26:58 +0900] "GET /myform.php HTTP/1.1" 200 2488
::1 - - [31/Jan/2023:08:26:58 +0900] "GET /js/jquery-3.6.1.min.js HTTP/1.1" 404 196
::1 - - [31/Jan/2023:08:26:58 +0900] "GET /myform.js HTTP/1.1" 304 -
::1 - - [31/Jan/2023:08:33:24 +0900] "GET /form.php HTTP/1.1" 200 3166
::1 - - [31/Jan/2023:08:33:24 +0900] "GET /js/jquery-3.6.1.min.js HTTP/1.1" 404 196
::1 - - [31/Jan/2023:08:33:31 +0900] "GET /myform.php HTTP/1.1" 200 2488
::1 - - [31/Jan/2023:08:33:31 +0900] "GET /js/jquery-3.6.1.min.js HTTP/1.1" 404 196
::1 - - [31/Jan/2023:08:33:31 +0900] "GET /myform.js HTTP/1.1" 304 -
::1 - - [31/Jan/2023:08:39:05 +0900] "GET /myform.php HTTP/1.1" 200 2900
::1 - - [31/Jan/2023:08:39:05 +0900] "GET /js/jquery-3.6.1.min.js HTTP/1.1" 404 196
::1 - - [31/Jan/2023:08:39:05 +0900] "GET /myform.js HTTP/1.1" 304 -
::1 - - [31/Jan/2023:08:39:39 +0900] "GET /confirm.php?name=&email=&tel=&post=&address= HTTP/1.1" 200 1706
::1 - - [31/Jan/2023:08:39:41 +0900] "GET /myform.php HTTP/1.1" 200 2900
::1 - - [31/Jan/2023:08:39:42 +0900] "GET /confirm.php?name=&email=&tel=&post=&address= HTTP/1.1" 200 1706
::1 - - [31/Jan/2023:08:39:44 +0900] "GET /myform.php HTTP/1.1" 200 2900
::1 - - [31/Jan/2023:08:40:04 +0900] "GET /myform.php HTTP/1.1" 200 2889
::1 - - [31/Jan/2023:08:40:04 +0900] "GET /js/jquery-3.6.1.min.js HTTP/1.1" 404 196
::1 - - [31/Jan/2023:08:40:06 +0900] "GET /myform.php?name=&email=&tel=&post=&address= HTTP/1.1" 200 2889
::1 - - [31/Jan/2023:08:40:06 +0900] "GET /js/jquery-3.6.1.min.js HTTP/1.1" 404 196
::1 - - [31/Jan/2023:08:41:04 +0900] "-" 408 -
::1 - - [31/Jan/2023:08:43:35 +0900] "GET /myform.php?name=&email=&tel=&post=&address= HTTP/1.1" 200 2889
::1 - - [31/Jan/2023:08:43:35 +0900] "GET /js/jquery-3.6.1.min.js HTTP/1.1" 404 196
::1 - - [31/Jan/2023:08:43:35 +0900] "GET /myform.js HTTP/1.1" 200 2479
::1 - - [31/Jan/2023:08:43:38 +0900] "GET /myform.php?name=&email=&tel=&post=&address= HTTP/1.1" 200 2889
::1 - - [31/Jan/2023:08:43:38 +0900] "GET /js/jquery-3.6.1.min.js HTTP/1.1" 404 196
::1 - - [31/Jan/2023:08:43:38 +0900] "GET /myform.js HTTP/1.1" 304 -
::1 - - [31/Jan/2023:08:43:40 +0900] "GET /myform.php?name=&email=&tel=&post=&address= HTTP/1.1" 200 2889
::1 - - [31/Jan/2023:08:43:40 +0900] "GET /js/jquery-3.6.1.min.js HTTP/1.1" 404 196
::1 - - [31/Jan/2023:08:43:40 +0900] "GET /myform.js HTTP/1.1" 304 -
::1 - - [31/Jan/2023:08:43:41 +0900] "GET /myform.php?name=&email=&tel=&post=&address= HTTP/1.1" 200 2889
::1 - - [31/Jan/2023:08:43:41 +0900] "GET /js/jquery-3.6.1.min.js HTTP/1.1" 404 196
::1 - - [31/Jan/2023:08:43:41 +0900] "GET /myform.js HTTP/1.1" 304 -
::1 - - [31/Jan/2023:08:44:19 +0900] "GET /myform.php?name=&email=&tel=&post=&address= HTTP/1.1" 200 2889
::1 - - [31/Jan/2023:08:44:19 +0900] "GET /js/jquery-3.6.1.min.js HTTP/1.1" 404 196
::1 - - [31/Jan/2023:08:44:19 +0900] "GET /myform.js HTTP/1.1" 304 -
::1 - - [31/Jan/2023:08:44:21 +0900] "GET /myform.php?name=&email=&tel=&post=&address= HTTP/1.1" 200 2889
::1 - - [31/Jan/2023:08:44:21 +0900] "GET /js/jquery-3.6.1.min.js HTTP/1.1" 404 196
::1 - - [31/Jan/2023:08:48:39 +0900] "GET /myform.php?name=&email=&tel=&post=&address= HTTP/1.1" 200 2889
::1 - - [31/Jan/2023:08:48:39 +0900] "GET /js/jquery-3.6.1.min.js HTTP/1.1" 404 196
::1 - - [31/Jan/2023:08:48:39 +0900] "GET /myform.js HTTP/1.1" 200 2476
::1 - - [31/Jan/2023:08:49:06 +0900] "GET /myform.php?name=&email=&tel=&post=&address= HTTP/1.1" 200 2889
::1 - - [31/Jan/2023:08:49:07 +0900] "GET /myform.php?name=&email=&tel=&post=&address= HTTP/1.1" 200 2889
::1 - - [31/Jan/2023:08:49:08 +0900] "GET /myform.php?name=&email=&tel=&post=&address= HTTP/1.1" 200 2889
::1 - - [31/Jan/2023:08:49:09 +0900] "GET /myform.php?name=&email=&tel=&post=&address= HTTP/1.1" 200 2889
::1 - - [31/Jan/2023:08:49:27 +0900] "GET /myform.php HTTP/1.1" 200 2908
::1 - - [31/Jan/2023:08:49:32 +0900] "GET /confirm.php?name=%E7%9F%B3%E6%9C%A8%E5%AE%89%E5%84%AA&email=sweetfish.010301%40gmail.com&tel=08092560885&postcode=0500072&address=5%E4%B8%81%E7%9B%AE9-13&gender=man&kind=on HTTP/1.1" 200 1706
::1 - - [31/Jan/2023:08:49:36 +0900] "GET /myform.php HTTP/1.1" 200 2908
::1 - - [31/Jan/2023:08:50:27 +0900] "-" 408 -
::1 - - [31/Jan/2023:09:09:07 +0900] "GET /myform.php HTTP/1.1" 200 2908
::1 - - [31/Jan/2023:09:09:07 +0900] "GET /js/jquery-3.6.1.min.js HTTP/1.1" 404 196
::1 - - [31/Jan/2023:09:09:07 +0900] "GET /myform.js HTTP/1.1" 304 -
::1 - - [31/Jan/2023:09:09:11 +0900] "GET /form.php HTTP/1.1" 200 3059
::1 - - [31/Jan/2023:09:09:11 +0900] "GET /js/jquery-3.6.1.min.js HTTP/1.1" 404 196
::1 - - [31/Jan/2023:09:10:07 +0900] "-" 408 -
::1 - - [31/Jan/2023:09:13:51 +0900] "GET / HTTP/1.1" 200 783
::1 - - [31/Jan/2023:09:13:52 +0900] "GET /myform.php HTTP/1.1" 200 3222
::1 - - [31/Jan/2023:09:13:52 +0900] "GET /js/jquery-3.6.1.min.js HTTP/1.1" 404 196
::1 - - [31/Jan/2023:09:13:52 +0900] "GET /myform.js HTTP/1.1" 200 2905
::1 - - [31/Jan/2023:09:13:57 +0900] "POST /myform.php HTTP/1.1" 200 3222
::1 - - [31/Jan/2023:09:13:57 +0900] "GET /js/jquery-3.6.1.min.js HTTP/1.1" 404 196
::1 - - [31/Jan/2023:09:14:04 +0900] "GET /myform.php HTTP/1.1" 200 3222
::1 - - [31/Jan/2023:09:14:08 +0900] "GET /myform.js HTTP/1.1" 304 -
::1 - - [31/Jan/2023:09:14:11 +0900] "GET /myform.php HTTP/1.1" 200 3222
::1 - - [31/Jan/2023:09:14:11 +0900] "GET /js/jquery-3.6.1.min.js HTTP/1.1" 404 196
::1 - - [31/Jan/2023:09:14:11 +0900] "GET /myform.js HTTP/1.1" 304 -
::1 - - [31/Jan/2023:09:33:29 +0900] "GET /myform.php HTTP/1.1" 200 3183
::1 - - [31/Jan/2023:09:33:29 +0900] "GET /js/jquery-3.6.1.min.js HTTP/1.1" 404 196
::1 - - [31/Jan/2023:09:33:29 +0900] "GET /myform.js HTTP/1.1" 304 -
::1 - - [31/Jan/2023:09:33:59 +0900] "GET /myform.php HTTP/1.1" 200 3166
::1 - - [31/Jan/2023:09:33:59 +0900] "GET /js/jquery-3.6.1.min.js HTTP/1.1" 404 196
::1 - - [31/Jan/2023:09:34:45 +0900] "GET /myform.php HTTP/1.1" 200 3182
::1 - - [31/Jan/2023:09:34:45 +0900] "GET /js/jquery-3.6.1.min.js HTTP/1.1" 404 196
::1 - - [31/Jan/2023:09:35:45 +0900] "-" 408 -
::1 - - [31/Jan/2023:09:35:45 +0900] "GET /myform.php HTTP/1.1" 200 2932
::1 - - [31/Jan/2023:09:35:45 +0900] "GET /js/jquery-3.6.1.min.js HTTP/1.1" 404 196
::1 - - [31/Jan/2023:09:35:45 +0900] "GET /myform.js HTTP/1.1" 304 -
::1 - - [31/Jan/2023:09:40:29 +0900] "GET /myform.php HTTP/1.1" 200 2932
::1 - - [31/Jan/2023:09:40:29 +0900] "GET /js/jquery-3.6.1.min.js HTTP/1.1" 404 196
::1 - - [31/Jan/2023:09:40:29 +0900] "GET /myform.js HTTP/1.1" 200 1890
::1 - - [31/Jan/2023:09:42:09 +0900] "POST /myform.php HTTP/1.1" 200 2932
::1 - - [31/Jan/2023:09:42:10 +0900] "GET /js/jquery-3.6.1.min.js HTTP/1.1" 404 196
::1 - - [31/Jan/2023:09:42:10 +0900] "GET /myform.js HTTP/1.1" 304 -
::1 - - [31/Jan/2023:11:36:40 +0900] "POST /myform.php HTTP/1.1" 404 196
::1 - - [31/Jan/2023:11:36:42 +0900] "GET /myform.php HTTP/1.1" 404 196
::1 - - [31/Jan/2023:11:36:46 +0900] "GET / HTTP/1.1" 200 637
::1 - - [31/Jan/2023:11:36:48 +0900] "GET /form.php HTTP/1.1" 200 2843
::1 - - [31/Jan/2023:11:36:48 +0900] "GET /from.js HTTP/1.1" 404 196
::1 - - [31/Jan/2023:11:36:48 +0900] "GET /form.css HTTP/1.1" 304 -
::1 - - [31/Jan/2023:13:33:53 +0900] "GET / HTTP/1.1" 200 267
::1 - - [31/Jan/2023:13:34:01 +0900] "GET /form.php HTTP/1.1" 404 196
::1 - - [31/Jan/2023:13:35:00 +0900] "-" 408 -
::1 - - [31/Jan/2023:13:44:29 +0900] "GET / HTTP/1.1" 200 459
::1 - - [31/Jan/2023:13:45:29 +0900] "-" 408 -
::1 - - [31/Jan/2023:13:47:11 +0900] "GET /myform.php HTTP/1.1" 200 2932
::1 - - [31/Jan/2023:13:47:11 +0900] "GET /js/jquery-3.6.1.min.js HTTP/1.1" 404 196
::1 - - [31/Jan/2023:13:47:11 +0900] "GET /myform.js HTTP/1.1" 304 -
::1 - - [31/Jan/2023:13:57:00 +0900] "GET / HTTP/1.1" 200 477
::1 - - [31/Jan/2023:13:57:01 +0900] "GET /form.php HTTP/1.1" 200 2932
::1 - - [31/Jan/2023:13:57:01 +0900] "GET /js/jquery-3.6.1.min.js HTTP/1.1" 404 196
::1 - - [31/Jan/2023:13:57:05 +0900] "GET /myform.php HTTP/1.1" 200 2931
::1 - - [31/Jan/2023:13:57:05 +0900] "GET /js/jquery-3.6.1.min.js HTTP/1.1" 404 196
::1 - - [31/Jan/2023:13:57:09 +0900] "GET /form.html HTTP/1.1" 200 2827
::1 - - [31/Jan/2023:13:57:09 +0900] "GET /js/jquery-3.6.1.min.js HTTP/1.1" 404 196
::1 - - [31/Jan/2023:13:57:09 +0900] "GET /form.css HTTP/1.1" 200 618
::1 - - [31/Jan/2023:13:57:09 +0900] "GET /form.js HTTP/1.1" 404 196
::1 - - [31/Jan/2023:14:00:20 +0900] "GET / HTTP/1.1" 200 433
::1 - - [31/Jan/2023:14:00:22 +0900] "GET /form.php HTTP/1.1" 200 3097
::1 - - [31/Jan/2023:14:00:22 +0900] "GET /js/jquery-3.6.1.min.js HTTP/1.1" 404 196
::1 - - [31/Jan/2023:14:00:22 +0900] "GET /form.css HTTP/1.1" 304 -
::1 - - [31/Jan/2023:14:00:22 +0900] "GET /form.js HTTP/1.1" 404 196
::1 - - [31/Jan/2023:14:00:22 +0900] "GET /form.js HTTP/1.1" 404 196
::1 - - [31/Jan/2023:14:02:22 +0900] "GET /form.php HTTP/1.1" 200 3097
::1 - - [31/Jan/2023:14:02:22 +0900] "GET /js/jquery-3.6.1.min.js HTTP/1.1" 404 196
::1 - - [31/Jan/2023:14:02:22 +0900] "GET /form.css HTTP/1.1" 304 -
::1 - - [31/Jan/2023:14:02:22 +0900] "GET /form.js HTTP/1.1" 404 196
::1 - - [31/Jan/2023:14:02:22 +0900] "GET /form.js HTTP/1.1" 404 196
::1 - - [31/Jan/2023:14:03:52 +0900] "GET /form.php HTTP/1.1" 200 3084
::1 - - [31/Jan/2023:14:03:52 +0900] "GET /js/jquery-3.6.1.min.js HTTP/1.1" 404 196
::1 - - [31/Jan/2023:14:03:52 +0900] "GET /form.css HTTP/1.1" 304 -
::1 - - [31/Jan/2023:14:03:52 +0900] "GET /form.js HTTP/1.1" 404 196
::1 - - [31/Jan/2023:14:03:52 +0900] "GET /form.js HTTP/1.1" 404 196
::1 - - [31/Jan/2023:14:09:56 +0900] "GET /myform.php HTTP/1.1" 200 2931
::1 - - [31/Jan/2023:14:09:56 +0900] "GET /js/jquery-3.6.1.min.js HTTP/1.1" 404 196
::1 - - [31/Jan/2023:14:10:00 +0900] "POST /myform.php HTTP/1.1" 200 2931
::1 - - [31/Jan/2023:14:10:00 +0900] "GET /js/jquery-3.6.1.min.js HTTP/1.1" 404 196
::1 - - [31/Jan/2023:14:10:07 +0900] "POST /myform.php HTTP/1.1" 200 2931
::1 - - [31/Jan/2023:14:10:07 +0900] "GET /js/jquery-3.6.1.min.js HTTP/1.1" 404 196
::1 - - [31/Jan/2023:14:10:11 +0900] "GET /myform.php HTTP/1.1" 200 2931
::1 - - [31/Jan/2023:14:10:14 +0900] "GET /form.php HTTP/1.1" 200 3053
::1 - - [31/Jan/2023:14:10:14 +0900] "GET /js/jquery-3.6.1.min.js HTTP/1.1" 404 196
::1 - - [31/Jan/2023:14:10:14 +0900] "GET /form.css HTTP/1.1" 304 -
::1 - - [31/Jan/2023:14:10:14 +0900] "GET /form.js HTTP/1.1" 200 2004
::1 - - [31/Jan/2023:14:10:31 +0900] "POST /confirm.php HTTP/1.1" 404 196
::1 - - [31/Jan/2023:14:11:31 +0900] "-" 408 -
::1 - - [31/Jan/2023:14:20:45 +0900] "GET /form.php HTTP/1.1" 200 3053
::1 - - [31/Jan/2023:14:20:48 +0900] "POST /confirm.php HTTP/1.1" 200 545
::1 - - [31/Jan/2023:14:20:54 +0900] "GET /form.php HTTP/1.1" 200 3053
::1 - - [31/Jan/2023:14:21:00 +0900] "POST /confirm.php HTTP/1.1" 200 545
::1 - - [31/Jan/2023:14:22:00 +0900] "-" 408 -
::1 - - [31/Jan/2023:14:22:12 +0900] "POST /confirm.php HTTP/1.1" 200 545
::1 - - [31/Jan/2023:14:22:13 +0900] "GET /form.php HTTP/1.1" 200 3054
::1 - - [31/Jan/2023:14:22:20 +0900] "POST /confirm.php HTTP/1.1" 200 409
::1 - - [31/Jan/2023:14:23:20 +0900] "-" 408 -
::1 - - [31/Jan/2023:14:23:30 +0900] "GET /form.php HTTP/1.1" 200 3064
::1 - - [31/Jan/2023:14:23:31 +0900] "POST /confirm.php HTTP/1.1" 200 631
::1 - - [31/Jan/2023:14:24:04 +0900] "GET /form.php HTTP/1.1" 200 3064
::1 - - [31/Jan/2023:14:24:06 +0900] "POST /confirm.php HTTP/1.1" 200 635
::1 - - [31/Jan/2023:14:25:04 +0900] "-" 408 -
::1 - - [31/Jan/2023:14:26:41 +0900] "GET /form.php HTTP/1.1" 200 3064
::1 - - [31/Jan/2023:14:26:42 +0900] "POST /confirm.php HTTP/1.1" 200 2624
::1 - - [31/Jan/2023:14:27:41 +0900] "-" 408 -
::1 - - [31/Jan/2023:14:28:32 +0900] "POST /confirm.php HTTP/1.1" 200 2624
::1 - - [31/Jan/2023:14:28:36 +0900] "GET /form.php HTTP/1.1" 200 3064
::1 - - [31/Jan/2023:14:28:41 +0900] "POST /confirm.php HTTP/1.1" 200 2552
::1 - - [31/Jan/2023:14:29:01 +0900] "POST /confirm.php HTTP/1.1" 200 2429
::1 - - [31/Jan/2023:14:29:06 +0900] "POST /confirm.php HTTP/1.1" 200 2554
::1 - - [31/Jan/2023:14:30:01 +0900] "-" 408 -
